06-05-2021 23:12:44.251 [Gauge] [INFO] Watching directory: C:\Users\x\Desktop\HurriyetemlakTestOtomasyon\specs
06-05-2021 23:12:44.253 [Gauge] [DEBUG] Found 1 files
06-05-2021 23:12:44.256 [Gauge] [INFO] Initializing concepts cache with 0 concepts
06-05-2021 23:12:44.258 [Gauge] [INFO] Initializing specs cache with 1 specs
06-05-2021 23:12:44.258 [Gauge] [DEBUG] Adding specs from C:\Users\x\Desktop\HurriyetemlakTestOtomasyon\specs\Hurriyetemlak.spec
06-05-2021 23:12:44.258 [Gauge] [INFO] Initializing steps cache with 1 steps
06-05-2021 23:12:44.258 [Gauge] [INFO] Gauge daemon initialized and listening on port: 50222
06-05-2021 23:14:33.232 [Gauge] [DEBUG] Api Request Received: messageType:GetStepValueRequest  messageId:4  stepValueRequest:{stepText:"Click on “Satılık”"}
06-05-2021 23:14:33.252 [Gauge] [DEBUG] Sending API response: messageType:GetStepValueResponse  messageId:4  stepValueResponse:{stepValue:{stepValue:"Click on “Satılık”"  parameterizedStepValue:"Click on “Satılık”"}}
06-05-2021 23:14:33.318 [Gauge] [DEBUG] Api Request Received: messageType:GetStepValueRequest  messageId:4  stepValueRequest:{stepText:"Click on “Kiralık”"}
06-05-2021 23:14:33.319 [Gauge] [DEBUG] Sending API response: messageType:GetStepValueResponse  messageId:4  stepValueResponse:{stepValue:{stepValue:"Click on “Kiralık”"  parameterizedStepValue:"Click on “Kiralık”"}}
06-05-2021 23:14:33.392 [Gauge] [DEBUG] Api Request Received: messageType:GetStepValueRequest  messageId:4  stepValueRequest:{stepText:"Make a search: Ankara - Çankaya; Konut; 2+1; Site İçerisinde: Evet ;"}
06-05-2021 23:14:33.392 [Gauge] [DEBUG] Sending API response: messageType:GetStepValueResponse  messageId:4  stepValueResponse:{stepValue:{stepValue:"Make a search: Ankara - Çankaya; Konut; 2+1; Site İçerisinde: Evet ;"  parameterizedStepValue:"Make a search: Ankara - Çankaya; Konut; 2+1; Site İçerisinde: Evet ;"}}
06-05-2021 23:14:33.393 [Gauge] [DEBUG] Api Request Received: messageType:GetStepValueRequest  messageId:4  stepValueRequest:{stepText:"WEB: On the Detail page there is a “Show Phone Number” link on the right."}
06-05-2021 23:14:33.393 [Gauge] [DEBUG] Sending API response: messageType:GetStepValueResponse  messageId:4  stepValueResponse:{stepValue:{stepValue:"WEB: On the Detail page there is a “Show Phone Number” link on the right."  parameterizedStepValue:"WEB: On the Detail page there is a “Show Phone Number” link on the right."}}
06-05-2021 23:14:33.395 [Gauge] [DEBUG] Api Request Received: messageType:GetStepValueRequest  messageId:4  stepValueRequest:{stepText:"Go to Main Page"}
06-05-2021 23:14:33.395 [Gauge] [DEBUG] Sending API response: messageType:GetStepValueResponse  messageId:4  stepValueResponse:{stepValue:{stepValue:"Go to Main Page"  parameterizedStepValue:"Go to Main Page"}}
06-05-2021 23:14:33.396 [Gauge] [DEBUG] Api Request Received: messageType:GetStepValueRequest  messageId:4  stepValueRequest:{stepText:"Make a search: Izmir - Bornova; İş Yeri; Fiyat : 100.000 TL - 2.000.000 TL; Bina Yaşı: Sıfır Bina, 1-5, 6-10;"}
06-05-2021 23:14:33.396 [Gauge] [DEBUG] Sending API response: messageType:GetStepValueResponse  messageId:4  stepValueResponse:{stepValue:{stepValue:"Make a search: Izmir - Bornova; İş Yeri; Fiyat : 100.000 TL - 2.000.000 TL; Bina Yaşı: Sıfır Bina, 1-5, 6-10;"  parameterizedStepValue:"Make a search: Izmir - Bornova; İş Yeri; Fiyat : 100.000 TL - 2.000.000 TL; Bina Yaşı: Sıfır Bina, 1-5, 6-10;"}}
06-05-2021 23:14:33.398 [Gauge] [DEBUG] Api Request Received: messageType:GetStepValueRequest  messageId:4  stepValueRequest:{stepText:"Click on the 3rd listing on the results and go to listing detail page."}
06-05-2021 23:14:33.398 [Gauge] [DEBUG] Sending API response: messageType:GetStepValueResponse  messageId:4  stepValueResponse:{stepValue:{stepValue:"Click on the 3rd listing on the results and go to listing detail page."  parameterizedStepValue:"Click on the 3rd listing on the results and go to listing detail page."}}
06-05-2021 23:14:33.399 [Gauge] [DEBUG] Api Request Received: messageType:GetStepValueRequest  messageId:4  stepValueRequest:{stepText:"Click Search"}
06-05-2021 23:14:33.399 [Gauge] [DEBUG] Sending API response: messageType:GetStepValueResponse  messageId:4  stepValueResponse:{stepValue:{stepValue:"Click Search"  parameterizedStepValue:"Click Search"}}
06-05-2021 23:14:33.400 [Gauge] [DEBUG] Api Request Received: messageType:GetStepValueRequest  messageId:4  stepValueRequest:{stepText:"Check for Tags in the filter area: Izmir - Bornova; İş Yeri; 100.000 TL - 2.000.000 TL; Sıfır Bina, 1-5, 6-10;"}
06-05-2021 23:14:33.400 [Gauge] [DEBUG] Sending API response: messageType:GetStepValueResponse  messageId:4  stepValueResponse:{stepValue:{stepValue:"Check for Tags in the filter area: Izmir - Bornova; İş Yeri; 100.000 TL - 2.000.000 TL; Sıfır Bina, 1-5, 6-10;"  parameterizedStepValue:"Check for Tags in the filter area: Izmir - Bornova; İş Yeri; 100.000 TL - 2.000.000 TL; Sıfır Bina, 1-5, 6-10;"}}
06-05-2021 23:14:33.401 [Gauge] [DEBUG] Api Request Received: messageType:GetStepValueRequest  messageId:4  stepValueRequest:{stepText:"Validate the phone number that it is a real and valid mobile or landline number. (eg.+905xxxxxxxxx , +90212xxxxxxx)"}
06-05-2021 23:14:33.401 [Gauge] [DEBUG] Sending API response: messageType:GetStepValueResponse  messageId:4  stepValueResponse:{stepValue:{stepValue:"Validate the phone number that it is a real and valid mobile or landline number. (eg.+905xxxxxxxxx , +90212xxxxxxx)"  parameterizedStepValue:"Validate the phone number that it is a real and valid mobile or landline number. (eg.+905xxxxxxxxx , +90212xxxxxxx)"}}
06-05-2021 23:23:41.354 [Gauge] [INFO] Watching directory: C:\Users\x\Desktop\HurriyetemlakTestOtomasyon\specs
06-05-2021 23:23:41.355 [Gauge] [DEBUG] Found 1 files
06-05-2021 23:23:41.515 [Gauge] [INFO] Initializing concepts cache with 0 concepts
06-05-2021 23:23:41.532 [Gauge] [INFO] Initializing specs cache with 1 specs
06-05-2021 23:23:41.532 [Gauge] [DEBUG] Adding specs from C:\Users\x\Desktop\HurriyetemlakTestOtomasyon\specs\Hurriyetemlak.spec
06-05-2021 23:23:41.532 [Gauge] [INFO] Initializing steps cache with 1 steps
06-05-2021 23:23:41.532 [Gauge] [INFO] Gauge daemon initialized and listening on port: 50533
06-05-2021 23:24:03.094 [Gauge] [DEBUG] Api Request Received: messageType:GetStepValueRequest  messageId:4  stepValueRequest:{stepText:"Go to Main Page"}
06-05-2021 23:24:03.095 [Gauge] [DEBUG] Sending API response: messageType:GetStepValueResponse  messageId:4  stepValueResponse:{stepValue:{stepValue:"Go to Main Page"  parameterizedStepValue:"Go to Main Page"}}
06-05-2021 23:24:03.211 [Gauge] [DEBUG] Api Request Received: messageType:GetStepValueRequest  messageId:4  stepValueRequest:{stepText:"Make a search: Izmir - Bornova; İş Yeri; Fiyat : 100.000 TL - 2.000.000 TL; Bina Yaşı: Sıfır Bina, 1-5, 6-10;"}
06-05-2021 23:24:03.212 [Gauge] [DEBUG] Sending API response: messageType:GetStepValueResponse  messageId:4  stepValueResponse:{stepValue:{stepValue:"Make a search: Izmir - Bornova; İş Yeri; Fiyat : 100.000 TL - 2.000.000 TL; Bina Yaşı: Sıfır Bina, 1-5, 6-10;"  parameterizedStepValue:"Make a search: Izmir - Bornova; İş Yeri; Fiyat : 100.000 TL - 2.000.000 TL; Bina Yaşı: Sıfır Bina, 1-5, 6-10;"}}
06-05-2021 23:24:03.779 [Gauge] [DEBUG] Api Request Received: messageType:GetStepValueRequest  messageId:4  stepValueRequest:{stepText:"Click Search"}
06-05-2021 23:24:03.782 [Gauge] [DEBUG] Sending API response: messageType:GetStepValueResponse  messageId:4  stepValueResponse:{stepValue:{stepValue:"Click Search"  parameterizedStepValue:"Click Search"}}
06-05-2021 23:24:03.783 [Gauge] [DEBUG] Api Request Received: messageType:GetStepValueRequest  messageId:4  stepValueRequest:{stepText:"Check for Tags in the filter area: Izmir - Bornova; İş Yeri; 100.000 TL - 2.000.000 TL; Sıfır Bina, 1-5, 6-10;"}
06-05-2021 23:24:03.783 [Gauge] [DEBUG] Sending API response: messageType:GetStepValueResponse  messageId:4  stepValueResponse:{stepValue:{stepValue:"Check for Tags in the filter area: Izmir - Bornova; İş Yeri; 100.000 TL - 2.000.000 TL; Sıfır Bina, 1-5, 6-10;"  parameterizedStepValue:"Check for Tags in the filter area: Izmir - Bornova; İş Yeri; 100.000 TL - 2.000.000 TL; Sıfır Bina, 1-5, 6-10;"}}
06-05-2021 23:24:03.799 [Gauge] [DEBUG] Api Request Received: messageType:GetStepValueRequest  messageId:4  stepValueRequest:{stepText:"Make a search: Ankara - Çankaya; Konut; 2+1; Site İçerisinde: Evet ;"}
06-05-2021 23:24:03.799 [Gauge] [DEBUG] Sending API response: messageType:GetStepValueResponse  messageId:4  stepValueResponse:{stepValue:{stepValue:"Make a search: Ankara - Çankaya; Konut; 2+1; Site İçerisinde: Evet ;"  parameterizedStepValue:"Make a search: Ankara - Çankaya; Konut; 2+1; Site İçerisinde: Evet ;"}}
06-05-2021 23:24:03.801 [Gauge] [DEBUG] Api Request Received: messageType:GetStepValueRequest  messageId:4  stepValueRequest:{stepText:"Click on the 3rd listing on the results and go to listing detail page."}
06-05-2021 23:24:03.801 [Gauge] [DEBUG] Sending API response: messageType:GetStepValueResponse  messageId:4  stepValueResponse:{stepValue:{stepValue:"Click on the 3rd listing on the results and go to listing detail page."  parameterizedStepValue:"Click on the 3rd listing on the results and go to listing detail page."}}
06-05-2021 23:24:03.813 [Gauge] [DEBUG] Api Request Received: messageType:GetStepValueRequest  messageId:4  stepValueRequest:{stepText:"WEB: On the Detail page there is a “Show Phone Number” link on the right."}
06-05-2021 23:24:03.813 [Gauge] [DEBUG] Sending API response: messageType:GetStepValueResponse  messageId:4  stepValueResponse:{stepValue:{stepValue:"WEB: On the Detail page there is a “Show Phone Number” link on the right."  parameterizedStepValue:"WEB: On the Detail page there is a “Show Phone Number” link on the right."}}
06-05-2021 23:24:03.834 [Gauge] [DEBUG] Api Request Received: messageType:GetStepValueRequest  messageId:4  stepValueRequest:{stepText:"Validate the phone number that it is a real and valid mobile or landline number. (eg.+905xxxxxxxxx , +90212xxxxxxx)"}
06-05-2021 23:24:03.834 [Gauge] [DEBUG] Sending API response: messageType:GetStepValueResponse  messageId:4  stepValueResponse:{stepValue:{stepValue:"Validate the phone number that it is a real and valid mobile or landline number. (eg.+905xxxxxxxxx , +90212xxxxxxx)"  parameterizedStepValue:"Validate the phone number that it is a real and valid mobile or landline number. (eg.+905xxxxxxxxx , +90212xxxxxxx)"}}
06-05-2021 23:24:03.857 [Gauge] [DEBUG] Api Request Received: messageType:GetStepValueRequest  messageId:4  stepValueRequest:{stepText:"Click on “Satılık”"}
06-05-2021 23:24:03.857 [Gauge] [DEBUG] Sending API response: messageType:GetStepValueResponse  messageId:4  stepValueResponse:{stepValue:{stepValue:"Click on “Satılık”"  parameterizedStepValue:"Click on “Satılık”"}}
06-05-2021 23:24:04.263 [Gauge] [DEBUG] Api Request Received: messageType:GetStepValueRequest  messageId:4  stepValueRequest:{stepText:"Click on “Kiralık”"}
06-05-2021 23:24:04.263 [Gauge] [DEBUG] Sending API response: messageType:GetStepValueResponse  messageId:4  stepValueResponse:{stepValue:{stepValue:"Click on “Kiralık”"  parameterizedStepValue:"Click on “Kiralık”"}}
06-05-2021 23:31:49.174 [Gauge] [INFO] Closing connection [127.0.0.1:50534] cause: read tcp 127.0.0.1:50533->127.0.0.1:50534: wsarecv: Varolan bir bağlantı uzaktaki bir ana bilgisayar tarafından zorla kapatıldı.
06-05-2021 23:31:49.322 [Gauge] [CRITICAL] Killing Gauge daemon. Parent process with pid 6540 has terminated.
